<?xml version="1.0" encoding="UTF-8"?>
<!-- Generated by org.testng.reporters.JUnitXMLReporter -->
<testsuite ignored="0" hostname="DESKTOP-74NTP4F" failures="0" tests="4" name="Surefire test" time="3.56" errors="0" timestamp="11 Mar 2026 21:09:57 GMT">
  <testcase classname="com.apitest.tests.SanaPlatformTest" name="sendOtpTest" time="1.761"/>
  <testcase classname="com.apitest.tests.SanaPlatformTest" name="verifyOtpTest" time="0.112"/>
  <testcase classname="com.apitest.tests.SanaPlatformTest" name="editProfileTest" time="0.069"/>
  <testcase classname="com.apitest.tests.SanaPlatformTest" name="listManualInvestmentTest" time="0.046"/>
</testsuite> <!-- Surefire test -->
