<?xml version="1.0" encoding="UTF-8"?>
<testng-results ignored="0" total="4" passed="4" failed="0" skipped="0">
  <reporter-output>
  </reporter-output>
  <suite started-at="2026-03-11T21:09:53Z" name="Surefire suite" finished-at="2026-03-11T21:09:57Z" duration-ms="3560">
    <groups>
    </groups>
    <test started-at="2026-03-11T21:09:53Z" name="Surefire test" finished-at="2026-03-11T21:09:57Z" duration-ms="3560">
      <class name="com.apitest.tests.SanaPlatformTest">
        <test-method is-config="true" signature="setup()[pri:0, instance:com.apitest.tests.SanaPlatformTest@36f1046f]" started-at="2026-03-11T21:09:53Z" name="setup" finished-at="2026-03-11T21:09:55Z" duration-ms="1456" status="PASS">
          <reporter-output>
          </reporter-output>
        </test-method> <!-- setup -->
        <test-method signature="sendOtpTest()[pri:1, instance:com.apitest.tests.SanaPlatformTest@36f1046f]" started-at="2026-03-11T21:09:55Z" name="sendOtpTest" finished-at="2026-03-11T21:09:56Z" duration-ms="1761" status="PASS">
          <reporter-output>
          </reporter-output>
        </test-method> <!-- sendOtpTest -->
        <test-method signature="verifyOtpTest()[pri:2, instance:com.apitest.tests.SanaPlatformTest@36f1046f]" started-at="2026-03-11T21:09:56Z" name="verifyOtpTest" finished-at="2026-03-11T21:09:57Z" duration-ms="112" status="PASS">
          <reporter-output>
          </reporter-output>
        </test-method> <!-- verifyOtpTest -->
        <test-method signature="editProfileTest()[pri:3, instance:com.apitest.tests.SanaPlatformTest@36f1046f]" started-at="2026-03-11T21:09:57Z" name="editProfileTest" finished-at="2026-03-11T21:09:57Z" depends-on-methods="com.apitest.tests.SanaPlatformTest.verifyOtpTest" duration-ms="69" status="PASS">
          <reporter-output>
          </reporter-output>
        </test-method> <!-- editProfileTest -->
        <test-method signature="listManualInvestmentTest()[pri:4, instance:com.apitest.tests.SanaPlatformTest@36f1046f]" started-at="2026-03-11T21:09:57Z" name="listManualInvestmentTest" finished-at="2026-03-11T21:09:57Z" depends-on-methods="com.apitest.tests.SanaPlatformTest.verifyOtpTest" duration-ms="46" status="PASS">
          <reporter-output>
          </reporter-output>
        </test-method> <!-- listManualInvestmentTest -->
        <test-method is-config="true" signature="tearDown()[pri:0, instance:com.apitest.tests.SanaPlatformTest@36f1046f]" started-at="2026-03-11T21:09:57Z" name="tearDown" finished-at="2026-03-11T21:09:57Z" duration-ms="9" status="PASS">
          <reporter-output>
          </reporter-output>
        </test-method> <!-- tearDown -->
      </class> <!-- com.apitest.tests.SanaPlatformTest -->
    </test> <!-- Surefire test -->
  </suite> <!-- Surefire suite -->
</testng-results>
