<?xml version="1.0" encoding="UTF-8"?>
<testsuite xmlns:xsi="http://www.w3.org/2001/XMLSchema-instance" xsi:noNamespaceSchemaLocation="https://maven.apache.org/surefire/maven-surefire-plugin/xsd/surefire-test-report.xsd" name="TestSuite" time="3.914" tests="4" errors="0" skipped="0" failures="0">
  <properties>
[...]
</properties>
  <testcase name="sendOtpTest" classname="com.apitest.tests.SanaPlatformTest" time="1.569"/>
  <testcase name="verifyOtpTest" classname="com.apitest.tests.SanaPlatformTest" time="0.073"/>
  <testcase name="editProfileTest" classname="com.apitest.tests.SanaPlatformTest" time="0.047"/>
  <testcase name="listManualInvestmentTest" classname="com.apitest.tests.SanaPlatformTest" time="0.037"/>
</testsuite>