<?xml version="1.0" encoding="UTF-8"?>
<testsuite xmlns:xsi="http://www.w3.org/2001/XMLSchema-instance" xsi:noNamespaceSchemaLocation="https://maven.apache.org/surefire/maven-surefire-plugin/xsd/surefire-test-report-3.0.xsd" version="3.0" name="TestSuite" time="4.286" tests="4" errors="0" skipped="0" failures="0">
  <properties>
[...]
</properties>
  <testcase name="sendOtpTest" classname="com.apitest.tests.SanaPlatformTest" time="1.762">
    <system-out><![CDATA[Request method:	POST
Request URI:	http://localhost:8080/api/auth/send_otp
Proxy:			<none>
Request params:	<none>
Query params:	<none>
Form params:	<none>
Path params:	<none>
Headers:		Accept=*/*
				Content-Type=application/json
Cookies:		<none>
Multiparts:		<none>
Body:
{
    "phone": "+923217566932"
}
HTTP/1.1 200 OK
Content-Type: application/json
Matched-Stub-Id: 93a79786-d2a6-4882-9c3e-2fe348a41bac
Vary: Accept-Encoding, User-Agent
Content-Encoding: gzip
Transfer-Encoding: chunked

{
    "status": "success",
    "message": "OTP sent successfully",
    "data": {
        "otp_id": "123"
    }
}
]]></system-out>
    <system-err><![CDATA[SLF4J: Failed to load class "org.slf4j.impl.StaticLoggerBinder".
SLF4J: Defaulting to no-operation (NOP) logger implementation
SLF4J: See http://www.slf4j.org/codes.html#StaticLoggerBinder for further details.
]]></system-err>
  </testcase>
  <testcase name="verifyOtpTest" classname="com.apitest.tests.SanaPlatformTest" time="0.113">
    <system-out><![CDATA[Request method:	POST
Request URI:	http://localhost:8080/api/auth/verify_otp
Proxy:			<none>
Request params:	<none>
Query params:	<none>
Form params:	<none>
Path params:	<none>
Headers:		Accept=*/*
				Content-Type=application/json
Cookies:		<none>
Multiparts:		<none>
Body:
{
    "otp": "123456",
    "phone": "+923217566932"
}
HTTP/1.1 200 OK
Content-Type: application/json
Matched-Stub-Id: 874fbcba-419a-49cf-99e0-607ab807ebd0
Vary: Accept-Encoding, User-Agent
Content-Encoding: gzip
Transfer-Encoding: chunked

{
    "status": "success",
    "message": "OTP verified",
    "profile": {
        "auth_token": "test-token-12345",
        "user_id": 1
    }
}
]]></system-out>
  </testcase>
  <testcase name="editProfileTest" classname="com.apitest.tests.SanaPlatformTest" time="0.069">
    <system-out><![CDATA[Request method:	PUT
Request URI:	http://localhost:8080/api/auth/edit_profile
Proxy:			<none>
Request params:	<none>
Query params:	<none>
Form params:	<none>
Path params:	<none>
Headers:		Authorization=Bearer test-token-12345
				Accept=*/*
				Content-Type=application/json
Cookies:		<none>
Multiparts:		<none>
Body:
{
    "first_name": "John",
    "last_name": "Doe"
}
HTTP/1.1 200 OK
Content-Type: application/json
Matched-Stub-Id: 5d600fe6-60aa-48ae-a5c0-60de7ac98807
Vary: Accept-Encoding, User-Agent
Content-Encoding: gzip
Transfer-Encoding: chunked

{
    "status": "success",
    "message": "Profile updated successfully",
    "data": {
        "user_id": 1
    }
}
]]></system-out>
  </testcase>
  <testcase name="listManualInvestmentTest" classname="com.apitest.tests.SanaPlatformTest" time="0.047">
    <system-out><![CDATA[Request method:	GET
Request URI:	http://localhost:8080/api/stocks/positions/bulk/list
Proxy:			<none>
Request params:	<none>
Query params:	<none>
Form params:	<none>
Path params:	<none>
Headers:		Authorization=Bearer test-token-12345
				Accept=*/*
Cookies:		<none>
Multiparts:		<none>
Body:			<none>
HTTP/1.1 200 OK
Content-Type: application/json
Matched-Stub-Id: 9c8f249e-5c47-430a-9bc8-69a3a6773fd2
Vary: Accept-Encoding, User-Agent
Content-Encoding: gzip
Transfer-Encoding: chunked

{
    "status": "success",
    "message": "Positions retrieved",
    "data": [
        {
            "symbol": "AAPL",
            "quantity": 10
        }
    ]
}
]]></system-out>
  </testcase>
</testsuite>