<?xml version="1.0" encoding="UTF-8"?>
<!-- Generated by org.testng.reporters.JUnitReportReporter -->
<testsuite hostname="DESKTOP-74NTP4F" failures="0" tests="4" name="com.apitest.tests.SanaPlatformTest" time="1.988" errors="0" timestamp="11 Mar 2026 21:09:57 GMT" skipped="0">
  <testcase classname="com.apitest.tests.SanaPlatformTest" name="sendOtpTest" time="1.761"/>
  <testcase classname="com.apitest.tests.SanaPlatformTest" name="verifyOtpTest" time="0.112"/>
  <testcase classname="com.apitest.tests.SanaPlatformTest" name="editProfileTest" time="0.069"/>
  <testcase classname="com.apitest.tests.SanaPlatformTest" name="listManualInvestmentTest" time="0.046"/>
</testsuite> <!-- com.apitest.tests.SanaPlatformTest -->
