<?xml version="1.0" encoding="UTF-8"?>
<!-- Generated by org.testng.reporters.JUnitReportReporter -->
<testsuite hostname="DESKTOP-74NTP4F" failures="0" tests="4" name="com.apitest.tests.SanaPlatformTest" time="1.677" errors="0" timestamp="2026-03-12T00:03:47 EET" skipped="0">
  <testcase classname="com.apitest.tests.SanaPlatformTest" name="sendOtpTest" time="1.521"/>
  <testcase classname="com.apitest.tests.SanaPlatformTest" name="verifyOtpTest" time="0.072"/>
  <testcase classname="com.apitest.tests.SanaPlatformTest" name="editProfileTest" time="0.047"/>
  <testcase classname="com.apitest.tests.SanaPlatformTest" name="listManualInvestmentTest" time="0.037"/>
</testsuite> <!-- com.apitest.tests.SanaPlatformTest -->
